F:\GitHub\OpencvAndMfcForProVideo\PlayVideo\Debug\PlayVideo.exe
F:\GitHub\OpencvAndMfcForProVideo\PlayVideo\PlayVideo\Debug\cl.command.1.tlog
F:\GitHub\OpencvAndMfcForProVideo\PlayVideo\PlayVideo\Debug\CL.read.1.tlog
F:\GitHub\OpencvAndMfcForProVideo\PlayVideo\PlayVideo\Debug\CL.write.1.tlog
F:\GITHUB\OPENCVANDMFCFORPROVIDEO\PLAYVIDEO\PLAYVIDEO\DEBUG\CVVIMAGE.OBJ
F:\GitHub\OpencvAndMfcForProVideo\PlayVideo\PlayVideo\Debug\link.command.1.tlog
F:\GitHub\OpencvAndMfcForProVideo\PlayVideo\PlayVideo\Debug\link.read.1.tlog
F:\GitHub\OpencvAndMfcForProVideo\PlayVideo\PlayVideo\Debug\link.write.1.tlog
F:\GitHub\OpencvAndMfcForProVideo\PlayVideo\PlayVideo\Debug\PlayVideo.exe.embed.manifest
F:\GITHUB\OPENCVANDMFCFORPROVIDEO\PLAYVIDEO\PLAYVIDEO\DEBUG\PLAYVIDEO.EXE.EMBED.MANIFEST.RES
F:\GITHUB\OPENCVANDMFCFORPROVIDEO\PLAYVIDEO\PLAYVIDEO\DEBUG\PLAYVIDEO.OBJ
F:\GITHUB\OPENCVANDMFCFORPROVIDEO\PLAYVIDEO\PLAYVIDEO\DEBUG\PLAYVIDEO.PCH
F:\GITHUB\OPENCVANDMFCFORPROVIDEO\PLAYVIDEO\PLAYVIDEO\DEBUG\PLAYVIDEO.RES
F:\GitHub\OpencvAndMfcForProVideo\PlayVideo\PlayVideo\Debug\PlayVideo.write.1.tlog
F:\GitHub\OpencvAndMfcForProVideo\PlayVideo\PlayVideo\Debug\PlayVideo_manifest.rc
F:\GITHUB\OPENCVANDMFCFORPROVIDEO\PLAYVIDEO\PLAYVIDEO\DEBUG\PLAYVIDEODLG.OBJ
F:\GitHub\OpencvAndMfcForProVideo\PlayVideo\PlayVideo\Debug\rc.command.1.tlog
F:\GitHub\OpencvAndMfcForProVideo\PlayVideo\PlayVideo\Debug\rc.read.1.tlog
F:\GitHub\OpencvAndMfcForProVideo\PlayVideo\PlayVideo\Debug\rc.write.1.tlog
F:\GITHUB\OPENCVANDMFCFORPROVIDEO\PLAYVIDEO\PLAYVIDEO\DEBUG\STDAFX.OBJ
F:\GitHub\OpencvAndMfcForProVideo\PlayVideo\PlayVideo\Debug\vc100.idb
F:\GITHUB\OPENCVANDMFCFORPROVIDEO\PLAYVIDEO\PLAYVIDEO\DEBUG\VC100.PDB
