生成启动时间为 2014/7/25 17:27:55。
     1>项目“F:\GitHub\OpencvAndMfcForProVideo\PlayVideo\PlayVideo\PlayVideo.vcxproj”在节点 2 上(build 个目标)。
     1>InitializeBuildStatus:
         正在创建“Debug\PlayVideo.unsuccessfulbuild”，因为已指定“AlwaysCreate”。
       ClCompile:
         所有输出均为最新。
         D:\ProgramFiles\Microsoft Visual Studio 10.0\VC\bin\CL.exe /c /ZI /nologo /W3 /WX- /Od /Oy- /D WIN32 /D _WINDOWS /D _DEBUG /D _MBCS /D _AFXDLL /Gm /EHsc /RTC1 /MD /GS /fp:precise /Zc:wchar_t /Zc:forScope /Yu"StdAfx.h" /Fp"Debug\PlayVideo.pch" /Fo"Debug\\" /Fd"Debug\vc100.pdb" /Gd /TP /analyze- /errorReport:prompt PlayVideoDlg.cpp
         PlayVideoDlg.cpp
     1>d:\opencv\opencv\build\include\opencv2\flann\logger.h(66): warning C4996: 'fopen': This function or variable may be unsafe. Consider using fopen_s instead. To disable deprecation, use _CRT_SECURE_NO_WARNINGS. See online help for details.
                 d:\programfiles\microsoft visual studio 10.0\vc\include\stdio.h(234) : 参见“fopen”的声明
       ResourceCompile:
         所有输出均为最新。
       ManifestResourceCompile:
         所有输出均为最新。
       Link:
         D:\ProgramFiles\Microsoft Visual Studio 10.0\VC\bin\link.exe /ERRORREPORT:PROMPT /OUT:"F:\GitHub\OpencvAndMfcForProVideo\PlayVideo\Debug\PlayVideo.exe" /INCREMENTAL /NOLOGO opencv_calib3d243d.lib opencv_contrib243d.lib opencv_core243d.lib opencv_features2d243d.lib opencv_flann243d.lib opencv_gpu243d.lib opencv_haartraining_engined.lib opencv_highgui243d.lib opencv_imgproc243d.lib opencv_legacy243d.lib opencv_ml243d.lib opencv_nonfree243d.lib opencv_objdetect243d.lib opencv_photo243d.lib opencv_stitching243d.lib opencv_ts243d.lib opencv_video243d.lib opencv_videostab243d.lib /MANIFEST /ManifestFile:"Debug\PlayVideo.exe.intermediate.manifest" /MANIFESTUAC:"level='asInvoker' uiAccess='false'" /DEBUG /PDB:"F:\GitHub\OpencvAndMfcForProVideo\PlayVideo\Debug\PlayVideo.pdb" /SUBSYSTEM:WINDOWS /TLBID:1 /DYNAMICBASE /NXCOMPAT /IMPLIB:"F:\GitHub\OpencvAndMfcForProVideo\PlayVideo\Debug\PlayVideo.lib" /MACHINE:X86 Debug\PlayVideo.res
         Debug\PlayVideo.exe.embed.manifest.res
         Debug\CvvImage.obj
         Debug\PlayVideo.obj
         Debug\PlayVideoDlg.obj
         Debug\stdafx.obj
       Manifest:
         c:\Program Files (x86)\Microsoft SDKs\Windows\v7.0A\bin\mt.exe /nologo /verbose /out:"Debug\PlayVideo.exe.embed.manifest" /manifest Debug\PlayVideo.exe.intermediate.manifest "D:\ProgramFiles\Microsoft Visual Studio 10.0\VC\Include\Manifest\dpiaware.manifest"
         所有输出均为最新。
       LinkEmbedManifest:
         所有输出均为最新。
         PlayVideo.vcxproj -> F:\GitHub\OpencvAndMfcForProVideo\PlayVideo\Debug\PlayVideo.exe
       FinalizeBuildStatus:
         正在删除文件“Debug\PlayVideo.unsuccessfulbuild”。
         正在对“Debug\PlayVideo.lastbuildstate”执行 Touch 任务。
     1>已完成生成项目“F:\GitHub\OpencvAndMfcForProVideo\PlayVideo\PlayVideo\PlayVideo.vcxproj”(build 个目标)的操作。

生成成功。

已用时间 00:00:02.12
